# JRE version: OpenJDK Runtime Environment (8.0_242-b01) (build 1.8.0_242-release-1644-b01)
# Java VM: OpenJDK 64-Bit Server VM (25.242-b01 mixed mode windows-amd64 compressed oops)
Heap:
 PSYoungGen      total 205824K, used 72790K [0x00000000d5580000, 0x00000000e7500000, 0x0000000100000000)
  eden space 193024K, 31% used [0x00000000d5580000,0x00000000d901a7a0,0x00000000e1200000)
  from space 12800K, 99% used [0x00000000e1200000,0x00000000e1e7b2d8,0x00000000e1e80000)
  to   space 16384K, 0% used [0x00000000e6500000,0x00000000e6500000,0x00000000e7500000)
 ParOldGen       total 46080K, used 18214K [0x0000000080000000, 0x0000000082d00000, 0x00000000d5580000)
  object space 46080K, 39% used [0x0000000080000000,0x00000000811c9878,0x0000000082d00000)
 Metaspace       used 50776K, capacity 52742K, committed 52952K, reserved 1095680K
  class space    used 6777K, capacity 7166K, committed 7168K, reserved 1048576K
GC Heap History (10 events):
Event: 48.230 GC heap before
{Heap before GC invocations=9 (full 1):
 PSYoungGen      total 136704K, used 4105K [0x00000000d5580000, 0x00000000de480000, 0x0000000100000000)
  eden space 128000K, 0% used [0x00000000d5580000,0x00000000d5580000,0x00000000dd280000)
  from space 8704K, 47% used [0x00000000ddc00000,0x00000000de002480,0x00000000de480000)
  to   space 9216K, 0% used [0x00000000dd280000,0x00000000dd280000,0x00000000ddb80000)
 ParOldGen       total 44032K, used 8596K [0x0000000080000000, 0x0000000082b00000, 0x00000000d5580000)
  object space 44032K, 19% used [0x0000000080000000,0x0000000080865350,0x0000000082b00000)
 Metaspace       used 20551K, capacity 21192K, committed 21248K, reserved 1067008K
  class space    used 2865K, capacity 3044K, committed 3072K, reserved 1048576K
Event: 48.524 GC heap after
Heap after GC invocations=9 (full 1):
 PSYoungGen      total 136704K, used 0K [0x00000000d5580000, 0x00000000de480000, 0x0000000100000000)
  eden space 128000K, 0% used [0x00000000d5580000,0x00000000d5580000,0x00000000dd280000)
  from space 8704K, 0% used [0x00000000ddc00000,0x00000000ddc00000,0x00000000de480000)
  to   space 9216K, 0% used [0x00000000dd280000,0x00000000dd280000,0x00000000ddb80000)
 ParOldGen       total 30720K, used 8766K [0x0000000080000000, 0x0000000081e00000, 0x00000000d5580000)
  object space 30720K, 28% used [0x0000000080000000,0x000000008088f850,0x0000000081e00000)
 Metaspace       used 20551K, capacity 21192K, committed 21248K, reserved 1067008K
  class space    used 2865K, capacity 3044K, committed 3072K, reserved 1048576K
}
Event: 76.058 GC heap before
{Heap before GC invocations=10 (full 1):
 PSYoungGen      total 136704K, used 128000K [0x00000000d5580000, 0x00000000de480000, 0x0000000100000000)
  eden space 128000K, 100% used [0x00000000d5580000,0x00000000dd280000,0x00000000dd280000)
  from space 8704K, 0% used [0x00000000ddc00000,0x00000000ddc00000,0x00000000de480000)
  to   space 9216K, 0% used [0x00000000dd280000,0x00000000dd280000,0x00000000ddb80000)
 ParOldGen       total 30720K, used 8766K [0x0000000080000000, 0x0000000081e00000, 0x00000000d5580000)
  object space 30720K, 28% used [0x0000000080000000,0x000000008088f850,0x0000000081e00000)
 Metaspace       used 32696K, capacity 33764K, committed 33920K, reserved 1079296K
  class space    used 4448K, capacity 4718K, committed 4736K, reserved 1048576K
Event: 76.878 GC heap after
Heap after GC invocations=10 (full 1):
 PSYoungGen      total 137216K, used 9203K [0x00000000d5580000, 0x00000000e2c80000, 0x0000000100000000)
  eden space 128000K, 0% used [0x00000000d5580000,0x00000000d5580000,0x00000000dd280000)
  from space 9216K, 99% used [0x00000000dd280000,0x00000000ddb7cce8,0x00000000ddb80000)
  to   space 12800K, 0% used [0x00000000e2000000,0x00000000e2000000,0x00000000e2c80000)
 ParOldGen       total 30720K, used 13604K [0x0000000080000000, 0x0000000081e00000, 0x00000000d5580000)
  object space 30720K, 44% used [0x0000000080000000,0x0000000080d493d8,0x0000000081e00000)
 Metaspace       used 32696K, capacity 33764K, committed 33920K, reserved 1079296K
  class space    used 4448K, capacity 4718K, committed 4736K, reserved 1048576K
}
Event: 81.910 GC heap before
{Heap before GC invocations=11 (full 1):
 PSYoungGen      total 137216K, used 41035K [0x00000000d5580000, 0x00000000e2c80000, 0x0000000100000000)
  eden space 128000K, 24% used [0x00000000d5580000,0x00000000d74961e0,0x00000000dd280000)
  from space 9216K, 99% used [0x00000000dd280000,0x00000000ddb7cce8,0x00000000ddb80000)
  to   space 12800K, 0% used [0x00000000e2000000,0x00000000e2000000,0x00000000e2c80000)
 ParOldGen       total 30720K, used 13604K [0x0000000080000000, 0x0000000081e00000, 0x00000000d5580000)
  object space 30720K, 44% used [0x0000000080000000,0x0000000080d493d8,0x0000000081e00000)
 Metaspace       used 34222K, capacity 35380K, committed 35416K, reserved 1079296K
  class space    used 4706K, capacity 4969K, committed 4992K, reserved 1048576K
Event: 81.997 GC heap after
Heap after GC invocations=11 (full 1):
 PSYoungGen      total 204288K, used 8136K [0x00000000d5580000, 0x00000000e2b00000, 0x0000000100000000)
  eden space 193024K, 0% used [0x00000000d5580000,0x00000000d5580000,0x00000000e1200000)
  from space 11264K, 72% used [0x00000000e2000000,0x00000000e27f2320,0x00000000e2b00000)
  to   space 12800K, 0% used [0x00000000e1200000,0x00000000e1200000,0x00000000e1e80000)
 ParOldGen       total 30720K, used 13612K [0x0000000080000000, 0x0000000081e00000, 0x00000000d5580000)
  object space 30720K, 44% used [0x0000000080000000,0x0000000080d4b3d8,0x0000000081e00000)
 Metaspace       used 34222K, capacity 35380K, committed 35416K, reserved 1079296K
  class space    used 4706K, capacity 4969K, committed 4992K, reserved 1048576K
}
Event: 82.005 GC heap before
{Heap before GC invocations=12 (full 2):
 PSYoungGen      total 204288K, used 8136K [0x00000000d5580000, 0x00000000e2b00000, 0x0000000100000000)
  eden space 193024K, 0% used [0x00000000d5580000,0x00000000d5580000,0x00000000e1200000)
  from space 11264K, 72% used [0x00000000e2000000,0x00000000e27f2320,0x00000000e2b00000)
  to   space 12800K, 0% used [0x00000000e1200000,0x00000000e1200000,0x00000000e1e80000)
 ParOldGen       total 30720K, used 13612K [0x0000000080000000, 0x0000000081e00000, 0x00000000d5580000)
  object space 30720K, 44% used [0x0000000080000000,0x0000000080d4b3d8,0x0000000081e00000)
 Metaspace       used 34222K, capacity 35380K, committed 35416K, reserved 1079296K
  class space    used 4706K, capacity 4969K, committed 4992K, reserved 1048576K
Event: 83.548 GC heap after
Heap after GC invocations=12 (full 2):
 PSYoungGen      total 204288K, used 0K [0x00000000d5580000, 0x00000000e2b00000, 0x0000000100000000)
  eden space 193024K, 0% used [0x00000000d5580000,0x00000000d5580000,0x00000000e1200000)
  from space 11264K, 0% used [0x00000000e2000000,0x00000000e2000000,0x00000000e2b00000)
  to   space 12800K, 0% used [0x00000000e1200000,0x00000000e1200000,0x00000000e1e80000)
 ParOldGen       total 46080K, used 14547K [0x0000000080000000, 0x0000000082d00000, 0x00000000d5580000)
  object space 46080K, 31% used [0x0000000080000000,0x0000000080e34d98,0x0000000082d00000)
 Metaspace       used 34222K, capacity 35380K, committed 35416K, reserved 1079296K
  class space    used 4706K, capacity 4969K, committed 4992K, reserved 1048576K
}
Event: 111.241 GC heap before
{Heap before GC invocations=13 (full 2):
 PSYoungGen      total 204288K, used 193024K [0x00000000d5580000, 0x00000000e2b00000, 0x0000000100000000)
  eden space 193024K, 100% used [0x00000000d5580000,0x00000000e1200000,0x00000000e1200000)
  from space 11264K, 0% used [0x00000000e2000000,0x00000000e2000000,0x00000000e2b00000)
  to   space 12800K, 0% used [0x00000000e1200000,0x00000000e1200000,0x00000000e1e80000)
 ParOldGen       total 46080K, used 14547K [0x0000000080000000, 0x0000000082d00000, 0x00000000d5580000)
  object space 46080K, 31% used [0x0000000080000000,0x0000000080e34d98,0x0000000082d00000)
 Metaspace       used 45472K, capacity 47262K, committed 47448K, reserved 1089536K
  class space    used 6137K, capacity 6475K, committed 6528K, reserved 1048576K
Event: 112.730 GC heap after
Heap after GC invocations=13 (full 2):
 PSYoungGen      total 205824K, used 12780K [0x00000000d5580000, 0x00000000e7500000, 0x0000000100000000)
  eden space 193024K, 0% used [0x00000000d5580000,0x00000000d5580000,0x00000000e1200000)
  from space 12800K, 99% used [0x00000000e1200000,0x00000000e1e7b2d8,0x00000000e1e80000)
  to   space 16384K, 0% used [0x00000000e6500000,0x00000000e6500000,0x00000000e7500000)
 ParOldGen       total 46080K, used 18214K [0x0000000080000000, 0x0000000082d00000, 0x00000000d5580000)
  object space 46080K, 39% used [0x0000000080000000,0x00000000811c9878,0x0000000082d00000)
 Metaspace       used 45472K, capacity 47262K, committed 47448K, reserved 1089536K
  class space    used 6137K, capacity 6475K, committed 6528K, reserved 1048576K
}

