# JRE version: OpenJDK Runtime Environment (8.0_242-b01) (build 1.8.0_242-release-1644-b01)
# Java VM: OpenJDK 64-Bit Server VM (25.242-b01 mixed mode windows-amd64 compressed oops)
Heap:
 PSYoungGen      total 299008K, used 72373K [0x00000000d5580000, 0x00000000e9900000, 0x0000000100000000)
  eden space 266752K, 15% used [0x00000000d5580000,0x00000000d7cb6188,0x00000000e5a00000)
  from space 32256K, 99% used [0x00000000e5a00000,0x00000000e79774d0,0x00000000e7980000)
  to   space 30208K, 0% used [0x00000000e7b80000,0x00000000e7b80000,0x00000000e9900000)
 ParOldGen       total 134656K, used 62720K [0x0000000080000000, 0x0000000088380000, 0x00000000d5580000)
  object space 134656K, 46% used [0x0000000080000000,0x0000000083d40140,0x0000000088380000)
 Metaspace       used 109023K, capacity 114979K, committed 115020K, reserved 1148928K
  class space    used 14268K, capacity 15443K, committed 15476K, reserved 1048576K
GC Heap History (10 events):
Event: 296.029 GC heap before
{Heap before GC invocations=23 (full 4):
 PSYoungGen      total 251904K, used 23116K [0x00000000d5580000, 0x00000000e8480000, 0x0000000100000000)
  eden space 224768K, 0% used [0x00000000d5580000,0x00000000d5580000,0x00000000e3100000)
  from space 27136K, 85% used [0x00000000e3100000,0x00000000e4793270,0x00000000e4b80000)
  to   space 30208K, 0% used [0x00000000e6700000,0x00000000e6700000,0x00000000e8480000)
 ParOldGen       total 82432K, used 60406K [0x0000000080000000, 0x0000000085080000, 0x00000000d5580000)
  object space 82432K, 73% used [0x0000000080000000,0x0000000083afd850,0x0000000085080000)
 Metaspace       used 93819K, capacity 98259K, committed 98380K, reserved 1134592K
  class space    used 12414K, capacity 13335K, committed 13428K, reserved 1048576K
Event: 298.144 GC heap after
Heap after GC invocations=23 (full 4):
 PSYoungGen      total 251904K, used 0K [0x00000000d5580000, 0x00000000e8480000, 0x0000000100000000)
  eden space 224768K, 0% used [0x00000000d5580000,0x00000000d5580000,0x00000000e3100000)
  from space 27136K, 0% used [0x00000000e3100000,0x00000000e3100000,0x00000000e4b80000)
  to   space 30208K, 0% used [0x00000000e6700000,0x00000000e6700000,0x00000000e8480000)
 ParOldGen       total 134656K, used 62688K [0x0000000080000000, 0x0000000088380000, 0x00000000d5580000)
  object space 134656K, 46% used [0x0000000080000000,0x0000000083d38140,0x0000000088380000)
 Metaspace       used 93743K, capacity 98031K, committed 98380K, reserved 1134592K
  class space    used 12389K, capacity 13291K, committed 13428K, reserved 1048576K
}
Event: 326.253 GC heap before
{Heap before GC invocations=24 (full 4):
 PSYoungGen      total 251904K, used 224768K [0x00000000d5580000, 0x00000000e8480000, 0x0000000100000000)
  eden space 224768K, 100% used [0x00000000d5580000,0x00000000e3100000,0x00000000e3100000)
  from space 27136K, 0% used [0x00000000e3100000,0x00000000e3100000,0x00000000e4b80000)
  to   space 30208K, 0% used [0x00000000e6700000,0x00000000e6700000,0x00000000e8480000)
 ParOldGen       total 134656K, used 62688K [0x0000000080000000, 0x0000000088380000, 0x00000000d5580000)
  object space 134656K, 46% used [0x0000000080000000,0x0000000083d38140,0x0000000088380000)
 Metaspace       used 95239K, capacity 99635K, committed 99788K, reserved 1136640K
  class space    used 12566K, capacity 13473K, committed 13556K, reserved 1048576K
Event: 326.280 GC heap after
Heap after GC invocations=24 (full 4):
 PSYoungGen      total 276992K, used 5635K [0x00000000d5580000, 0x00000000e8280000, 0x0000000100000000)
  eden space 248832K, 0% used [0x00000000d5580000,0x00000000d5580000,0x00000000e4880000)
  from space 28160K, 20% used [0x00000000e6700000,0x00000000e6c80f88,0x00000000e8280000)
  to   space 29696K, 0% used [0x00000000e4880000,0x00000000e4880000,0x00000000e6580000)
 ParOldGen       total 134656K, used 62696K [0x0000000080000000, 0x0000000088380000, 0x00000000d5580000)
  object space 134656K, 46% used [0x0000000080000000,0x0000000083d3a140,0x0000000088380000)
 Metaspace       used 95239K, capacity 99635K, committed 99788K, reserved 1136640K
  class space    used 12566K, capacity 13473K, committed 13556K, reserved 1048576K
}
Event: 486.722 GC heap before
{Heap before GC invocations=25 (full 4):
 PSYoungGen      total 276992K, used 254467K [0x00000000d5580000, 0x00000000e8280000, 0x0000000100000000)
  eden space 248832K, 100% used [0x00000000d5580000,0x00000000e4880000,0x00000000e4880000)
  from space 28160K, 20% used [0x00000000e6700000,0x00000000e6c80f88,0x00000000e8280000)
  to   space 29696K, 0% used [0x00000000e4880000,0x00000000e4880000,0x00000000e6580000)
 ParOldGen       total 134656K, used 62696K [0x0000000080000000, 0x0000000088380000, 0x00000000d5580000)
  object space 134656K, 46% used [0x0000000080000000,0x0000000083d3a140,0x0000000088380000)
 Metaspace       used 100840K, capacity 105589K, committed 105932K, reserved 1140736K
  class space    used 13235K, capacity 14227K, committed 14324K, reserved 1048576K
Event: 486.859 GC heap after
Heap after GC invocations=25 (full 4):
 PSYoungGen      total 278528K, used 18658K [0x00000000d5580000, 0x00000000e9900000, 0x0000000100000000)
  eden space 248832K, 0% used [0x00000000d5580000,0x00000000d5580000,0x00000000e4880000)
  from space 29696K, 62% used [0x00000000e4880000,0x00000000e5ab89c8,0x00000000e6580000)
  to   space 30208K, 0% used [0x00000000e7b80000,0x00000000e7b80000,0x00000000e9900000)
 ParOldGen       total 134656K, used 62704K [0x0000000080000000, 0x0000000088380000, 0x00000000d5580000)
  object space 134656K, 46% used [0x0000000080000000,0x0000000083d3c140,0x0000000088380000)
 Metaspace       used 100840K, capacity 105589K, committed 105932K, reserved 1140736K
  class space    used 13235K, capacity 14227K, committed 14324K, reserved 1048576K
}
Event: 1384.118 GC heap before
{Heap before GC invocations=26 (full 4):
 PSYoungGen      total 278528K, used 267490K [0x00000000d5580000, 0x00000000e9900000, 0x0000000100000000)
  eden space 248832K, 100% used [0x00000000d5580000,0x00000000e4880000,0x00000000e4880000)
  from space 29696K, 62% used [0x00000000e4880000,0x00000000e5ab89c8,0x00000000e6580000)
  to   space 30208K, 0% used [0x00000000e7b80000,0x00000000e7b80000,0x00000000e9900000)
 ParOldGen       total 134656K, used 62704K [0x0000000080000000, 0x0000000088380000, 0x00000000d5580000)
  object space 134656K, 46% used [0x0000000080000000,0x0000000083d3c140,0x0000000088380000)
 Metaspace       used 101966K, capacity 107359K, committed 107596K, reserved 1142784K
  class space    used 13344K, capacity 14439K, committed 14452K, reserved 1048576K
Event: 1385.083 GC heap after
Heap after GC invocations=26 (full 4):
 PSYoungGen      total 296960K, used 21795K [0x00000000d5580000, 0x00000000e9900000, 0x0000000100000000)
  eden space 266752K, 0% used [0x00000000d5580000,0x00000000d5580000,0x00000000e5a00000)
  from space 30208K, 72% used [0x00000000e7b80000,0x00000000e90c8f28,0x00000000e9900000)
  to   space 32256K, 0% used [0x00000000e5a00000,0x00000000e5a00000,0x00000000e7980000)
 ParOldGen       total 134656K, used 62712K [0x0000000080000000, 0x0000000088380000, 0x00000000d5580000)
  object space 134656K, 46% used [0x0000000080000000,0x0000000083d3e140,0x0000000088380000)
 Metaspace       used 101966K, capacity 107359K, committed 107596K, reserved 1142784K
  class space    used 13344K, capacity 14439K, committed 14452K, reserved 1048576K
}
Event: 1404.467 GC heap before
{Heap before GC invocations=27 (full 4):
 PSYoungGen      total 296960K, used 288547K [0x00000000d5580000, 0x00000000e9900000, 0x0000000100000000)
  eden space 266752K, 100% used [0x00000000d5580000,0x00000000e5a00000,0x00000000e5a00000)
  from space 30208K, 72% used [0x00000000e7b80000,0x00000000e90c8f28,0x00000000e9900000)
  to   space 32256K, 0% used [0x00000000e5a00000,0x00000000e5a00000,0x00000000e7980000)
 ParOldGen       total 134656K, used 62712K [0x0000000080000000, 0x0000000088380000, 0x00000000d5580000)
  object space 134656K, 46% used [0x0000000080000000,0x0000000083d3e140,0x0000000088380000)
 Metaspace       used 108972K, capacity 114975K, committed 115020K, reserved 1148928K
  class space    used 14268K, capacity 15443K, committed 15476K, reserved 1048576K
Event: 1405.191 GC heap after
Heap after GC invocations=27 (full 4):
 PSYoungGen      total 299008K, used 32221K [0x00000000d5580000, 0x00000000e9900000, 0x0000000100000000)
  eden space 266752K, 0% used [0x00000000d5580000,0x00000000d5580000,0x00000000e5a00000)
  from space 32256K, 99% used [0x00000000e5a00000,0x00000000e79774d0,0x00000000e7980000)
  to   space 30208K, 0% used [0x00000000e7b80000,0x00000000e7b80000,0x00000000e9900000)
 ParOldGen       total 134656K, used 62720K [0x0000000080000000, 0x0000000088380000, 0x00000000d5580000)
  object space 134656K, 46% used [0x0000000080000000,0x0000000083d40140,0x0000000088380000)
 Metaspace       used 108972K, capacity 114975K, committed 115020K, reserved 1148928K
  class space    used 14268K, capacity 15443K, committed 15476K, reserved 1048576K
}

