# JRE version: OpenJDK Runtime Environment (8.0_242-b01) (build 1.8.0_242-release-1644-b01)
# Java VM: OpenJDK 64-Bit Server VM (25.242-b01 mixed mode windows-amd64 compressed oops)
Heap:
 PSYoungGen      total 361984K, used 128064K [0x00000000d5580000, 0x00000000ed200000, 0x0000000100000000)
  eden space 338432K, 33% used [0x00000000d5580000,0x00000000dc5ba3c0,0x00000000ea000000)
  from space 23552K, 55% used [0x00000000ebb00000,0x00000000ec7d5d80,0x00000000ed200000)
  to   space 25600K, 0% used [0x00000000ea000000,0x00000000ea000000,0x00000000eb900000)
 ParOldGen       total 74752K, used 52573K [0x0000000080000000, 0x0000000084900000, 0x00000000d5580000)
  object space 74752K, 70% used [0x0000000080000000,0x0000000083357598,0x0000000084900000)
 Metaspace       used 78997K, capacity 82946K, committed 83096K, reserved 1120256K
  class space    used 10841K, capacity 11633K, committed 11696K, reserved 1048576K
GC Heap History (10 events):
Event: 41.283 GC heap before
{Heap before GC invocations=13 (full 2):
 PSYoungGen      total 200704K, used 187904K [0x00000000d5580000, 0x00000000e2700000, 0x0000000100000000)
  eden space 187904K, 100% used [0x00000000d5580000,0x00000000e0d00000,0x00000000e0d00000)
  from space 12800K, 0% used [0x00000000e1980000,0x00000000e1980000,0x00000000e2600000)
  to   space 12800K, 0% used [0x00000000e0d00000,0x00000000e0d00000,0x00000000e1980000)
 ParOldGen       total 44032K, used 14616K [0x0000000080000000, 0x0000000082b00000, 0x00000000d5580000)
  object space 44032K, 33% used [0x0000000080000000,0x0000000080e46248,0x0000000082b00000)
 Metaspace       used 45445K, capacity 47194K, committed 47528K, reserved 1089536K
  class space    used 6139K, capacity 6477K, committed 6576K, reserved 1048576K
Event: 41.318 GC heap after
Heap after GC invocations=13 (full 2):
 PSYoungGen      total 200704K, used 12779K [0x00000000d5580000, 0x00000000e7780000, 0x0000000100000000)
  eden space 187904K, 0% used [0x00000000d5580000,0x00000000d5580000,0x00000000e0d00000)
  from space 12800K, 99% used [0x00000000e0d00000,0x00000000e197af50,0x00000000e1980000)
  to   space 15360K, 0% used [0x00000000e6880000,0x00000000e6880000,0x00000000e7780000)
 ParOldGen       total 44032K, used 16886K [0x0000000080000000, 0x0000000082b00000, 0x00000000d5580000)
  object space 44032K, 38% used [0x0000000080000000,0x000000008107da78,0x0000000082b00000)
 Metaspace       used 45445K, capacity 47194K, committed 47528K, reserved 1089536K
  class space    used 6139K, capacity 6477K, committed 6576K, reserved 1048576K
}
Event: 51.206 GC heap before
{Heap before GC invocations=14 (full 2):
 PSYoungGen      total 200704K, used 161810K [0x00000000d5580000, 0x00000000e7780000, 0x0000000100000000)
  eden space 187904K, 79% used [0x00000000d5580000,0x00000000de7099a0,0x00000000e0d00000)
  from space 12800K, 99% used [0x00000000e0d00000,0x00000000e197af50,0x00000000e1980000)
  to   space 15360K, 0% used [0x00000000e6880000,0x00000000e6880000,0x00000000e7780000)
 ParOldGen       total 44032K, used 16886K [0x0000000080000000, 0x0000000082b00000, 0x00000000d5580000)
  object space 44032K, 38% used [0x0000000080000000,0x000000008107da78,0x0000000082b00000)
 Metaspace       used 56790K, capacity 59110K, committed 59160K, reserved 1099776K
  class space    used 7764K, capacity 8232K, committed 8240K, reserved 1048576K
Event: 51.278 GC heap after
Heap after GC invocations=14 (full 2):
 PSYoungGen      total 275456K, used 15347K [0x00000000d5580000, 0x00000000e7f80000, 0x0000000100000000)
  eden space 260096K, 0% used [0x00000000d5580000,0x00000000d5580000,0x00000000e5380000)
  from space 15360K, 99% used [0x00000000e6880000,0x00000000e777cc98,0x00000000e7780000)
  to   space 21504K, 0% used [0x00000000e5380000,0x00000000e5380000,0x00000000e6880000)
 ParOldGen       total 44032K, used 26172K [0x0000000080000000, 0x0000000082b00000, 0x00000000d5580000)
  object space 44032K, 59% used [0x0000000080000000,0x000000008198f080,0x0000000082b00000)
 Metaspace       used 56790K, capacity 59110K, committed 59160K, reserved 1099776K
  class space    used 7764K, capacity 8232K, committed 8240K, reserved 1048576K
}
Event: 51.278 GC heap before
{Heap before GC invocations=15 (full 3):
 PSYoungGen      total 275456K, used 15347K [0x00000000d5580000, 0x00000000e7f80000, 0x0000000100000000)
  eden space 260096K, 0% used [0x00000000d5580000,0x00000000d5580000,0x00000000e5380000)
  from space 15360K, 99% used [0x00000000e6880000,0x00000000e777cc98,0x00000000e7780000)
  to   space 21504K, 0% used [0x00000000e5380000,0x00000000e5380000,0x00000000e6880000)
 ParOldGen       total 44032K, used 26172K [0x0000000080000000, 0x0000000082b00000, 0x00000000d5580000)
  object space 44032K, 59% used [0x0000000080000000,0x000000008198f080,0x0000000082b00000)
 Metaspace       used 56790K, capacity 59110K, committed 59160K, reserved 1099776K
  class space    used 7764K, capacity 8232K, committed 8240K, reserved 1048576K
Event: 51.685 GC heap after
Heap after GC invocations=15 (full 3):
 PSYoungGen      total 275456K, used 0K [0x00000000d5580000, 0x00000000e7f80000, 0x0000000100000000)
  eden space 260096K, 0% used [0x00000000d5580000,0x00000000d5580000,0x00000000e5380000)
  from space 15360K, 0% used [0x00000000e6880000,0x00000000e6880000,0x00000000e7780000)
  to   space 21504K, 0% used [0x00000000e5380000,0x00000000e5380000,0x00000000e6880000)
 ParOldGen       total 74752K, used 36296K [0x0000000080000000, 0x0000000084900000, 0x00000000d5580000)
  object space 74752K, 48% used [0x0000000080000000,0x0000000082372360,0x0000000084900000)
 Metaspace       used 56777K, capacity 59068K, committed 59160K, reserved 1099776K
  class space    used 7760K, capacity 8225K, committed 8240K, reserved 1048576K
}
Event: 93.546 GC heap before
{Heap before GC invocations=16 (full 3):
 PSYoungGen      total 275456K, used 260096K [0x00000000d5580000, 0x00000000e7f80000, 0x0000000100000000)
  eden space 260096K, 100% used [0x00000000d5580000,0x00000000e5380000,0x00000000e5380000)
  from space 15360K, 0% used [0x00000000e6880000,0x00000000e6880000,0x00000000e7780000)
  to   space 21504K, 0% used [0x00000000e5380000,0x00000000e5380000,0x00000000e6880000)
 ParOldGen       total 74752K, used 36296K [0x0000000080000000, 0x0000000084900000, 0x00000000d5580000)
  object space 74752K, 48% used [0x0000000080000000,0x0000000082372360,0x0000000084900000)
 Metaspace       used 67740K, capacity 70786K, committed 71064K, reserved 1110016K
  class space    used 9263K, capacity 9854K, committed 9904K, reserved 1048576K
Event: 93.592 GC heap after
Heap after GC invocations=16 (full 3):
 PSYoungGen      total 281600K, used 21478K [0x00000000d5580000, 0x00000000ed480000, 0x0000000100000000)
  eden space 260096K, 0% used [0x00000000d5580000,0x00000000d5580000,0x00000000e5380000)
  from space 21504K, 99% used [0x00000000e5380000,0x00000000e6879b50,0x00000000e6880000)
  to   space 26112K, 0% used [0x00000000ebb00000,0x00000000ebb00000,0x00000000ed480000)
 ParOldGen       total 74752K, used 39933K [0x0000000080000000, 0x0000000084900000, 0x00000000d5580000)
  object space 74752K, 53% used [0x0000000080000000,0x00000000826ff528,0x0000000084900000)
 Metaspace       used 67740K, capacity 70786K, committed 71064K, reserved 1110016K
  class space    used 9263K, capacity 9854K, committed 9904K, reserved 1048576K
}
Event: 102.926 GC heap before
{Heap before GC invocations=17 (full 3):
 PSYoungGen      total 281600K, used 281574K [0x00000000d5580000, 0x00000000ed480000, 0x0000000100000000)
  eden space 260096K, 100% used [0x00000000d5580000,0x00000000e5380000,0x00000000e5380000)
  from space 21504K, 99% used [0x00000000e5380000,0x00000000e6879b50,0x00000000e6880000)
  to   space 26112K, 0% used [0x00000000ebb00000,0x00000000ebb00000,0x00000000ed480000)
 ParOldGen       total 74752K, used 39933K [0x0000000080000000, 0x0000000084900000, 0x00000000d5580000)
  object space 74752K, 53% used [0x0000000080000000,0x00000000826ff528,0x0000000084900000)
 Metaspace       used 74294K, capacity 77700K, committed 77848K, reserved 1116160K
  class space    used 10119K, capacity 10764K, committed 10800K, reserved 1048576K
Event: 103.019 GC heap after
Heap after GC invocations=17 (full 3):
 PSYoungGen      total 361984K, used 13143K [0x00000000d5580000, 0x00000000ed200000, 0x0000000100000000)
  eden space 338432K, 0% used [0x00000000d5580000,0x00000000d5580000,0x00000000ea000000)
  from space 23552K, 55% used [0x00000000ebb00000,0x00000000ec7d5d80,0x00000000ed200000)
  to   space 25600K, 0% used [0x00000000ea000000,0x00000000ea000000,0x00000000eb900000)
 ParOldGen       total 74752K, used 52573K [0x0000000080000000, 0x0000000084900000, 0x00000000d5580000)
  object space 74752K, 70% used [0x0000000080000000,0x0000000083357598,0x0000000084900000)
 Metaspace       used 74294K, capacity 77700K, committed 77848K, reserved 1116160K
  class space    used 10119K, capacity 10764K, committed 10800K, reserved 1048576K
}

